# JRE version: OpenJDK Runtime Environment (11.0.2+9) (build 11.0.2+9)
# Java VM: OpenJDK 64-Bit Server VM (11.0.2+9, mixed mode, tiered, compressed oops, g1 gc, windows-amd64)
Heap:
 garbage-first heap   total 201728K, used 140774K [0x0000000740000000, 0x0000000800000000)
  region size 1024K, 60 young (61440K), 4 survivors (4096K)
 Metaspace       used 91586K, capacity 93897K, committed 94036K, reserved 1130496K
  class space    used 12861K, capacity 13914K, committed 13952K, reserved 1048576K
GC Heap History (10 events):
Event: 60.885 GC heap before
{Heap before GC invocations=70 (full 21):
 garbage-first heap   total 201728K, used 85213K [0x0000000740000000, 0x0000000800000000)
  region size 1024K, 5 young (5120K), 0 survivors (0K)
 Metaspace       used 88260K, capacity 90338K, committed 90580K, reserved 1126400K
  class space    used 12365K, capacity 13298K, committed 13312K, reserved 1048576K
}
Event: 60.967 GC heap after
{Heap after GC invocations=71 (full 22):
 garbage-first heap   total 201728K, used 81178K [0x0000000740000000, 0x0000000800000000)
  region size 1024K, 0 young (0K), 0 survivors (0K)
 Metaspace       used 88260K, capacity 90338K, committed 90580K, reserved 1126400K
  class space    used 12365K, capacity 13298K, committed 13312K, reserved 1048576K
}
Event: 66.911 GC heap before
{Heap before GC invocations=71 (full 22):
 garbage-first heap   total 201728K, used 142618K [0x0000000740000000, 0x0000000800000000)
  region size 1024K, 60 young (61440K), 0 survivors (0K)
 Metaspace       used 89620K, capacity 91800K, committed 91988K, reserved 1128448K
  class space    used 12581K, capacity 13572K, committed 13696K, reserved 1048576K
}
Event: 66.915 GC heap after
{Heap after GC invocations=72 (full 22):
 garbage-first heap   total 201728K, used 82717K [0x0000000740000000, 0x0000000800000000)
  region size 1024K, 2 young (2048K), 2 survivors (2048K)
 Metaspace       used 89620K, capacity 91800K, committed 91988K, reserved 1128448K
  class space    used 12581K, capacity 13572K, committed 13696K, reserved 1048576K
}
Event: 68.757 GC heap before
{Heap before GC invocations=72 (full 22):
 garbage-first heap   total 201728K, used 142109K [0x0000000740000000, 0x0000000800000000)
  region size 1024K, 60 young (61440K), 2 survivors (2048K)
 Metaspace       used 90685K, capacity 92992K, committed 93268K, reserved 1128448K
  class space    used 12785K, capacity 13847K, committed 13952K, reserved 1048576K
}
Event: 68.760 GC heap after
{Heap after GC invocations=73 (full 22):
 garbage-first heap   total 201728K, used 83792K [0x0000000740000000, 0x0000000800000000)
  region size 1024K, 3 young (3072K), 3 survivors (3072K)
 Metaspace       used 90685K, capacity 92992K, committed 93268K, reserved 1128448K
  class space    used 12785K, capacity 13847K, committed 13952K, reserved 1048576K
}
Event: 78.372 GC heap before
{Heap before GC invocations=73 (full 22):
 garbage-first heap   total 201728K, used 142160K [0x0000000740000000, 0x0000000800000000)
  region size 1024K, 60 young (61440K), 3 survivors (3072K)
 Metaspace       used 91405K, capacity 93769K, committed 94036K, reserved 1130496K
  class space    used 12856K, capacity 13914K, committed 13952K, reserved 1048576K
}
Event: 78.376 GC heap after
{Heap after GC invocations=74 (full 22):
 garbage-first heap   total 201728K, used 84357K [0x0000000740000000, 0x0000000800000000)
  region size 1024K, 4 young (4096K), 4 survivors (4096K)
 Metaspace       used 91405K, capacity 93769K, committed 94036K, reserved 1130496K
  class space    used 12856K, capacity 13914K, committed 13952K, reserved 1048576K
}
Event: 79.537 GC heap before
{Heap before GC invocations=74 (full 22):
 garbage-first heap   total 201728K, used 141701K [0x0000000740000000, 0x0000000800000000)
  region size 1024K, 60 young (61440K), 4 survivors (4096K)
 Metaspace       used 91537K, capacity 93897K, committed 94036K, reserved 1130496K
  class space    used 12861K, capacity 13914K, committed 13952K, reserved 1048576K
}
Event: 79.541 GC heap after
{Heap after GC invocations=75 (full 22):
 garbage-first heap   total 201728K, used 84454K [0x0000000740000000, 0x0000000800000000)
  region size 1024K, 4 young (4096K), 4 survivors (4096K)
 Metaspace       used 91537K, capacity 93897K, committed 94036K, reserved 1130496K
  class space    used 12861K, capacity 13914K, committed 13952K, reserved 1048576K
}

