# JRE version: OpenJDK Runtime Environment (11.0.2+9) (build 11.0.2+9)
# Java VM: OpenJDK 64-Bit Server VM (11.0.2+9, mixed mode, tiered, compressed oops, g1 gc, windows-amd64)
Heap:
 garbage-first heap   total 508928K, used 227996K [0x0000000740000000, 0x0000000800000000)
  region size 1024K, 3 young (3072K), 1 survivors (1024K)
 Metaspace       used 113090K, capacity 114422K, committed 117712K, reserved 1150976K
  class space    used 14824K, capacity 15303K, committed 16588K, reserved 1048576K
GC Heap History (10 events):
Event: 28294.361 GC heap before
{Heap before GC invocations=3406 (full 1004):
 garbage-first heap   total 508928K, used 287594K [0x0000000740000000, 0x0000000800000000)
  region size 1024K, 61 young (62464K), 0 survivors (0K)
 Metaspace       used 113089K, capacity 114422K, committed 117712K, reserved 1150976K
  class space    used 14824K, capacity 15303K, committed 16588K, reserved 1048576K
}
Event: 28294.363 GC heap after
{Heap after GC invocations=3407 (full 1004):
 garbage-first heap   total 508928K, used 226587K [0x0000000740000000, 0x0000000800000000)
  region size 1024K, 1 young (1024K), 1 survivors (1024K)
 Metaspace       used 113089K, capacity 114422K, committed 117712K, reserved 1150976K
  class space    used 14824K, capacity 15303K, committed 16588K, reserved 1048576K
}
Event: 28296.806 GC heap before
{Heap before GC invocations=3407 (full 1004):
 garbage-first heap   total 508928K, used 287003K [0x0000000740000000, 0x0000000800000000)
  region size 1024K, 60 young (61440K), 1 survivors (1024K)
 Metaspace       used 113089K, capacity 114422K, committed 117712K, reserved 1150976K
  class space    used 14824K, capacity 15303K, committed 16588K, reserved 1048576K
}
Event: 28296.808 GC heap after
{Heap after GC invocations=3408 (full 1004):
 garbage-first heap   total 508928K, used 226604K [0x0000000740000000, 0x0000000800000000)
  region size 1024K, 1 young (1024K), 1 survivors (1024K)
 Metaspace       used 113089K, capacity 114422K, committed 117712K, reserved 1150976K
  class space    used 14824K, capacity 15303K, committed 16588K, reserved 1048576K
}
Event: 28314.003 GC heap before
{Heap before GC invocations=3409 (full 1004):
 garbage-first heap   total 508928K, used 287020K [0x0000000740000000, 0x0000000800000000)
  region size 1024K, 60 young (61440K), 1 survivors (1024K)
 Metaspace       used 113090K, capacity 114422K, committed 117712K, reserved 1150976K
  class space    used 14824K, capacity 15303K, committed 16588K, reserved 1048576K
}
Event: 28314.006 GC heap after
{Heap after GC invocations=3410 (full 1004):
 garbage-first heap   total 508928K, used 226637K [0x0000000740000000, 0x0000000800000000)
  region size 1024K, 1 young (1024K), 1 survivors (1024K)
 Metaspace       used 113090K, capacity 114422K, committed 117712K, reserved 1150976K
  class space    used 14824K, capacity 15303K, committed 16588K, reserved 1048576K
}
Event: 28317.105 GC heap before
{Heap before GC invocations=3410 (full 1004):
 garbage-first heap   total 508928K, used 287053K [0x0000000740000000, 0x0000000800000000)
  region size 1024K, 60 young (61440K), 1 survivors (1024K)
 Metaspace       used 113090K, capacity 114422K, committed 117712K, reserved 1150976K
  class space    used 14824K, capacity 15303K, committed 16588K, reserved 1048576K
}
Event: 28317.108 GC heap after
{Heap after GC invocations=3411 (full 1004):
 garbage-first heap   total 508928K, used 226812K [0x0000000740000000, 0x0000000800000000)
  region size 1024K, 1 young (1024K), 1 survivors (1024K)
 Metaspace       used 113090K, capacity 114422K, committed 117712K, reserved 1150976K
  class space    used 14824K, capacity 15303K, committed 16588K, reserved 1048576K
}
Event: 28318.445 GC heap before
{Heap before GC invocations=3412 (full 1004):
 garbage-first heap   total 508928K, used 287228K [0x0000000740000000, 0x0000000800000000)
  region size 1024K, 60 young (61440K), 1 survivors (1024K)
 Metaspace       used 113090K, capacity 114422K, committed 117712K, reserved 1150976K
  class space    used 14824K, capacity 15303K, committed 16588K, reserved 1048576K
}
Event: 28318.449 GC heap after
{Heap after GC invocations=3413 (full 1004):
 garbage-first heap   total 508928K, used 226972K [0x0000000740000000, 0x0000000800000000)
  region size 1024K, 1 young (1024K), 1 survivors (1024K)
 Metaspace       used 113090K, capacity 114422K, committed 117712K, reserved 1150976K
  class space    used 14824K, capacity 15303K, committed 16588K, reserved 1048576K
}

