# JRE version: OpenJDK Runtime Environment (11.0.2+9) (build 11.0.2+9)
# Java VM: OpenJDK 64-Bit Server VM (11.0.2+9, mixed mode, tiered, compressed oops, g1 gc, windows-amd64)
Heap:
 garbage-first heap   total 327680K, used 148773K [0x0000000740000000, 0x0000000800000000)
  region size 1024K, 50 young (51200K), 1 survivors (1024K)
 Metaspace       used 106328K, capacity 107530K, committed 112852K, reserved 1146880K
  class space    used 14072K, capacity 14538K, committed 16384K, reserved 1048576K
GC Heap History (10 events):
Event: 11009.077 GC heap before
{Heap before GC invocations=1139 (full 627):
 garbage-first heap   total 327680K, used 159858K [0x0000000740000000, 0x0000000800000000)
  region size 1024K, 60 young (61440K), 1 survivors (1024K)
 Metaspace       used 106246K, capacity 107402K, committed 112852K, reserved 1146880K
  class space    used 14072K, capacity 14538K, committed 16384K, reserved 1048576K
}
Event: 11009.079 GC heap after
{Heap after GC invocations=1140 (full 627):
 garbage-first heap   total 327680K, used 99639K [0x0000000740000000, 0x0000000800000000)
  region size 1024K, 1 young (1024K), 1 survivors (1024K)
 Metaspace       used 106246K, capacity 107402K, committed 112852K, reserved 1146880K
  class space    used 14072K, capacity 14538K, committed 16384K, reserved 1048576K
}
Event: 11014.997 GC heap before
{Heap before GC invocations=1140 (full 627):
 garbage-first heap   total 327680K, used 160055K [0x0000000740000000, 0x0000000800000000)
  region size 1024K, 60 young (61440K), 1 survivors (1024K)
 Metaspace       used 106298K, capacity 107466K, committed 112852K, reserved 1146880K
  class space    used 14072K, capacity 14538K, committed 16384K, reserved 1048576K
}
Event: 11014.998 GC heap after
{Heap after GC invocations=1141 (full 627):
 garbage-first heap   total 327680K, used 99419K [0x0000000740000000, 0x0000000800000000)
  region size 1024K, 1 young (1024K), 1 survivors (1024K)
 Metaspace       used 106298K, capacity 107466K, committed 112852K, reserved 1146880K
  class space    used 14072K, capacity 14538K, committed 16384K, reserved 1048576K
}
Event: 11015.443 GC heap before
{Heap before GC invocations=1141 (full 627):
 garbage-first heap   total 327680K, used 111707K [0x0000000740000000, 0x0000000800000000)
  region size 1024K, 14 young (14336K), 1 survivors (1024K)
 Metaspace       used 106298K, capacity 107466K, committed 112852K, reserved 1146880K
  class space    used 14072K, capacity 14538K, committed 16384K, reserved 1048576K
}
Event: 11015.546 GC heap after
{Heap after GC invocations=1142 (full 628):
 garbage-first heap   total 327680K, used 98689K [0x0000000740000000, 0x0000000800000000)
  region size 1024K, 0 young (0K), 0 survivors (0K)
 Metaspace       used 106298K, capacity 107466K, committed 112852K, reserved 1146880K
  class space    used 14072K, capacity 14538K, committed 16384K, reserved 1048576K
}
Event: 11017.779 GC heap before
{Heap before GC invocations=1142 (full 628):
 garbage-first heap   total 327680K, used 160129K [0x0000000740000000, 0x0000000800000000)
  region size 1024K, 60 young (61440K), 0 survivors (0K)
 Metaspace       used 106299K, capacity 107466K, committed 112852K, reserved 1146880K
  class space    used 14072K, capacity 14538K, committed 16384K, reserved 1048576K
}
Event: 11017.780 GC heap after
{Heap after GC invocations=1143 (full 628):
 garbage-first heap   total 327680K, used 99185K [0x0000000740000000, 0x0000000800000000)
  region size 1024K, 1 young (1024K), 1 survivors (1024K)
 Metaspace       used 106299K, capacity 107466K, committed 112852K, reserved 1146880K
  class space    used 14072K, capacity 14538K, committed 16384K, reserved 1048576K
}
Event: 11024.275 GC heap before
{Heap before GC invocations=1143 (full 628):
 garbage-first heap   total 327680K, used 159601K [0x0000000740000000, 0x0000000800000000)
  region size 1024K, 60 young (61440K), 1 survivors (1024K)
 Metaspace       used 106328K, capacity 107530K, committed 112852K, reserved 1146880K
  class space    used 14072K, capacity 14538K, committed 16384K, reserved 1048576K
}
Event: 11024.278 GC heap after
{Heap after GC invocations=1144 (full 628):
 garbage-first heap   total 327680K, used 99621K [0x0000000740000000, 0x0000000800000000)
  region size 1024K, 1 young (1024K), 1 survivors (1024K)
 Metaspace       used 106328K, capacity 107530K, committed 112852K, reserved 1146880K
  class space    used 14072K, capacity 14538K, committed 16384K, reserved 1048576K
}

