# JRE version: OpenJDK Runtime Environment (11.0.2+9) (build 11.0.2+9)
# Java VM: OpenJDK 64-Bit Server VM (11.0.2+9, mixed mode, tiered, compressed oops, g1 gc, windows-amd64)
Heap:
 garbage-first heap   total 270336K, used 140999K [0x0000000740000000, 0x0000000800000000)
  region size 1024K, 49 young (50176K), 1 survivors (1024K)
 Metaspace       used 107012K, capacity 108307K, committed 113104K, reserved 1146880K
  class space    used 14270K, capacity 14774K, committed 16512K, reserved 1048576K
GC Heap History (10 events):
Event: 39656.550 GC heap before
{Heap before GC invocations=1944 (full 949):
 garbage-first heap   total 270336K, used 105977K [0x0000000740000000, 0x0000000800000000)
  region size 1024K, 11 young (11264K), 1 survivors (1024K)
 Metaspace       used 107008K, capacity 108307K, committed 113104K, reserved 1146880K
  class space    used 14270K, capacity 14774K, committed 16512K, reserved 1048576K
}
Event: 39656.632 GC heap after
{Heap after GC invocations=1945 (full 950):
 garbage-first heap   total 270336K, used 91978K [0x0000000740000000, 0x0000000800000000)
  region size 1024K, 0 young (0K), 0 survivors (0K)
 Metaspace       used 107008K, capacity 108307K, committed 113104K, reserved 1146880K
  class space    used 14270K, capacity 14774K, committed 16512K, reserved 1048576K
}
Event: 39656.931 GC heap before
{Heap before GC invocations=1945 (full 950):
 garbage-first heap   total 270336K, used 95050K [0x0000000740000000, 0x0000000800000000)
  region size 1024K, 4 young (4096K), 0 survivors (0K)
 Metaspace       used 107008K, capacity 108307K, committed 113104K, reserved 1146880K
  class space    used 14270K, capacity 14774K, committed 16512K, reserved 1048576K
}
Event: 39657.018 GC heap after
{Heap after GC invocations=1946 (full 951):
 garbage-first heap   total 270336K, used 92050K [0x0000000740000000, 0x0000000800000000)
  region size 1024K, 0 young (0K), 0 survivors (0K)
 Metaspace       used 107008K, capacity 108307K, committed 113104K, reserved 1146880K
  class space    used 14270K, capacity 14774K, committed 16512K, reserved 1048576K
}
Event: 39657.876 GC heap before
{Heap before GC invocations=1946 (full 951):
 garbage-first heap   total 270336K, used 96146K [0x0000000740000000, 0x0000000800000000)
  region size 1024K, 5 young (5120K), 0 survivors (0K)
 Metaspace       used 107008K, capacity 108307K, committed 113104K, reserved 1146880K
  class space    used 14270K, capacity 14774K, committed 16512K, reserved 1048576K
}
Event: 39657.963 GC heap after
{Heap after GC invocations=1947 (full 952):
 garbage-first heap   total 270336K, used 92100K [0x0000000740000000, 0x0000000800000000)
  region size 1024K, 0 young (0K), 0 survivors (0K)
 Metaspace       used 107008K, capacity 108307K, committed 113104K, reserved 1146880K
  class space    used 14270K, capacity 14774K, committed 16512K, reserved 1048576K
}
Event: 39663.812 GC heap before
{Heap before GC invocations=1947 (full 952):
 garbage-first heap   total 270336K, used 153540K [0x0000000740000000, 0x0000000800000000)
  region size 1024K, 60 young (61440K), 0 survivors (0K)
 Metaspace       used 107012K, capacity 108307K, committed 113104K, reserved 1146880K
  class space    used 14270K, capacity 14774K, committed 16512K, reserved 1048576K
}
Event: 39663.815 GC heap after
{Heap after GC invocations=1948 (full 952):
 garbage-first heap   total 270336K, used 92859K [0x0000000740000000, 0x0000000800000000)
  region size 1024K, 1 young (1024K), 1 survivors (1024K)
 Metaspace       used 107012K, capacity 108307K, committed 113104K, reserved 1146880K
  class space    used 14270K, capacity 14774K, committed 16512K, reserved 1048576K
}
Event: 39666.329 GC heap before
{Heap before GC invocations=1948 (full 952):
 garbage-first heap   total 270336K, used 153275K [0x0000000740000000, 0x0000000800000000)
  region size 1024K, 60 young (61440K), 1 survivors (1024K)
 Metaspace       used 107012K, capacity 108307K, committed 113104K, reserved 1146880K
  class space    used 14270K, capacity 14774K, committed 16512K, reserved 1048576K
}
Event: 39666.331 GC heap after
{Heap after GC invocations=1949 (full 952):
 garbage-first heap   total 270336K, used 92871K [0x0000000740000000, 0x0000000800000000)
  region size 1024K, 1 young (1024K), 1 survivors (1024K)
 Metaspace       used 107012K, capacity 108307K, committed 113104K, reserved 1146880K
  class space    used 14270K, capacity 14774K, committed 16512K, reserved 1048576K
}

